<?xml version="1.0" encoding="UTF-8"?>
<testExecutions version="1">
  <file path="C:\nodejs\github\starter-nextjs\src\pages\api\__tests__\hello.test.js">
    <testCase name="hello handler" duration="3"/>
  </file>
  <file path="C:\nodejs\github\starter-nextjs\src\pages\__tests__\_app.test.js">
    <testCase name="App render App with component" duration="40"/>
  </file>
  <file path="C:\nodejs\github\starter-nextjs\src\pages\blog\__tests__\index.test.js">
    <testCase name="Blog renders a heading" duration="43"/>
  </file>
  <file path="C:\nodejs\github\starter-nextjs\src\pages\__tests__\index.test.js">
    <testCase name="Home renders a heading" duration="151"/>
  </file>
</testExecutions>